[debug] [2022-04-18T18:51:11.696Z] ----------------------------------------------------------------------
[debug] [2022-04-18T18:51:11.704Z] Command:       C:\Program Files\nodejs\node.exe C:\Users\Nilly\AppData\Roaming\npm\node_modules\firebase-tools\lib\bin\firebase.js init
[debug] [2022-04-18T18:51:11.706Z] CLI Version:   10.6.0
[debug] [2022-04-18T18:51:11.707Z] Platform:      win32
[debug] [2022-04-18T18:51:11.707Z] Node Version:  v16.13.1
[debug] [2022-04-18T18:51:11.812Z] Time:          Tue Apr 19 2022 00:51:11 GMT+0600 (Bangladesh Standard Time)
[debug] [2022-04-18T18:51:11.813Z] ----------------------------------------------------------------------
[debug] 
[debug] [2022-04-18T18:51:12.198Z] > command requires scopes: ["email","openid","https://www.googleapis.com/auth/cloudplatformprojects.readonly","https://www.googleapis.com/auth/firebase","https://www.googleapis.com/auth/cloud-platform"]
[debug] [2022-04-18T18:51:12.201Z] > authorizing via signed-in user (habizanoor11@gmail.com)
[info] 
     ######## #### ########  ######## ########     ###     ######  ########
     ##        ##  ##     ## ##       ##     ##  ##   ##  ##       ##
     ######    ##  ########  ######   ########  #########  ######  ######
     ##        ##  ##    ##  ##       ##     ## ##     ##       ## ##
     ##       #### ##     ## ######## ########  ##     ##  ######  ########

You're about to initialize a Firebase project in this directory:

  C:\projects\assignment-10

Before we get started, keep in mind:

  * You are currently outside your home directory
  * You are initializing within an existing Firebase project directory

